[  996184ms] [WARNING] [Vue warn]: Failed to resolve component: HotDeals
If this is a native custom element, make sure to exclude it from component resolution via compilerOptions.isCustomElement. 
  at <Home errors= {} name="Laravel" auth= {user: null}  ... > 
  at <PublicLayout errors= {} name="Laravel" auth= {user: null}  ... > 
  at <Inertia initialPage= {component: public/Home, props: Object, url: /en, version: 06089130342295dc58a9f0c348927443, sharedProps: Array(11)} initialComponent= {__name: Home, props: Object, setup: , __hmrId: 013701f7, render: } resolveComponent=fn<resolveComponent>  ... > 
  at <App> @ http://[::1]:5173/node_modules/.vite/deps/vue.runtime.esm-bundler-Cb0HG1GX.js?v=8c118239:1763
[ 1002533ms] [WARNING] [Vue warn]: Extraneous non-props attributes (errors, name, auth, sidebarOpen, locale, locales, alternates, seo, translations, nav, flash, meta) were passed to component but could not be automatically inherited because component renders fragment or text or teleport root nodes. 
  at <Home errors= {} name="Laravel" auth= {user: null}  ... > 
  at <PublicLayout errors= {} name="Laravel" auth= {user: null}  ... > 
  at <Inertia initialPage= {component: public/Home, props: Object, url: /en, version: 06089130342295dc58a9f0c348927443, sharedProps: Array(11)} initialComponent= {__name: Home, props: Object, setup: , __hmrId: 013701f7, render: } resolveComponent=fn<resolveComponent>  ... > 
  at <App> @ http://[::1]:5173/node_modules/.vite/deps/vue.runtime.esm-bundler-Cb0HG1GX.js?v=8c118239:1763
[ 1018106ms] [WARNING] [Vue warn]: Extraneous non-props attributes (errors, name, auth, sidebarOpen, locale, locales, alternates, seo, translations, nav, flash, meta) were passed to component but could not be automatically inherited because component renders fragment or text or teleport root nodes. 
  at <Home errors= {} name="Laravel" auth= {user: null}  ... > 
  at <PublicLayout errors= {} name="Laravel" auth= {user: null}  ... > 
  at <Inertia initialPage= {component: public/Home, props: Object, url: /en, version: 06089130342295dc58a9f0c348927443, sharedProps: Array(11)} initialComponent= {__name: Home, props: Object, setup: , __hmrId: 013701f7, render: } resolveComponent=fn<resolveComponent>  ... > 
  at <App> @ http://[::1]:5173/node_modules/.vite/deps/vue.runtime.esm-bundler-Cb0HG1GX.js?v=8c118239:1763
[ 1030651ms] [WARNING] [Vue warn]: Extraneous non-props attributes (errors, name, auth, sidebarOpen, locale, locales, alternates, seo, translations, nav, flash, meta) were passed to component but could not be automatically inherited because component renders fragment or text or teleport root nodes. 
  at <Home errors= {} name="Laravel" auth= {user: null}  ... > 
  at <PublicLayout errors= {} name="Laravel" auth= {user: null}  ... > 
  at <Inertia initialPage= {component: public/Home, props: Object, url: /en, version: 06089130342295dc58a9f0c348927443, sharedProps: Array(11)} initialComponent= {__name: Home, props: Object, setup: , __hmrId: 013701f7, render: } resolveComponent=fn<resolveComponent>  ... > 
  at <App> @ http://[::1]:5173/node_modules/.vite/deps/vue.runtime.esm-bundler-Cb0HG1GX.js?v=8c118239:1763
[ 1068136ms] [WARNING] [Vue warn]: Extraneous non-props attributes (errors, name, auth, sidebarOpen, locale, locales, alternates, seo, translations, nav, flash, meta) were passed to component but could not be automatically inherited because component renders fragment or text or teleport root nodes. 
  at <Home errors= {} name="Laravel" auth= {user: null}  ... > 
  at <PublicLayout errors= {} name="Laravel" auth= {user: null}  ... > 
  at <Inertia initialPage= {component: public/Home, props: Object, url: /en, version: 06089130342295dc58a9f0c348927443, sharedProps: Array(11)} initialComponent= {__name: Home, props: Object, setup: , __hmrId: 013701f7, render: } resolveComponent=fn<resolveComponent>  ... > 
  at <App> @ http://[::1]:5173/node_modules/.vite/deps/vue.runtime.esm-bundler-Cb0HG1GX.js?v=8c118239:1763
